Removed world/DIM-1/data/raids.dat: not used
Removed world/entities/r.1.-1.mca: 0 size
Removed world/entities/r.1.0.mca: 0 size
Removed world/entities/r.10.-1.mca: 0 size
Removed world/entities/r.10.0.mca: 0 size
Removed world/entities/r.12.-1.mca: 0 size
Removed world/entities/r.12.0.mca: 0 size
Removed world/entities/r.14.-1.mca: 0 size
Removed world/entities/r.14.0.mca: 0 size
Removed world/entities/r.16.-1.mca: 0 size
Removed world/entities/r.16.0.mca: 0 size
Removed world/entities/r.175.-1.mca: 0 size
Removed world/entities/r.175.0.mca: 0 size
Removed world/entities/r.176.-1.mca: 0 size
Removed world/entities/r.176.0.mca: 0 size
Removed world/entities/r.18.-1.mca: 0 size
Removed world/entities/r.18.0.mca: 0 size
Removed world/entities/r.2.-1.mca: 0 size
Removed world/entities/r.2.0.mca: 0 size
Removed world/entities/r.20.-1.mca: 0 size
Removed world/entities/r.20.0.mca: 0 size
Removed world/entities/r.22.-1.mca: 0 size
Removed world/entities/r.22.0.mca: 0 size
Removed world/entities/r.24.-1.mca: 0 size
Removed world/entities/r.24.0.mca: 0 size
Removed world/entities/r.4.-1.mca: 0 size
Removed world/entities/r.4.0.mca: 0 size
Removed world/entities/r.5.-1.mca: 0 size
Removed world/entities/r.6.-1.mca: 0 size
Removed world/entities/r.6.0.mca: 0 size
Removed world/entities/r.8.-1.mca: 0 size
Removed world/entities/r.8.0.mca: 0 size
Removed world/playerdata/47e58269-57eb-4bd3-9c59-b431fd6a4d5b.dat_old: not used
Removed world/playerdata/84261282-d1cb-40b2-aa85-3ddc48cb4076.dat_old: not used
Validated 4151 files, 4117 accepted, 34 rejected.
